<?xml version="1.0" encoding="UTF-8" ?>
<testsuites errors="0"
            failures="2"
            tests="4">

  <testsuite name="index"
    errors="0" failures="2" hostname="" id="" package="index" skipped="0"
    tests="4" time="8.877" timestamp="Mon, 03 Sep 2018 07:01:03 GMT">
  
    <testcase name="4: BEWAKOOF HOME PAGE" classname="index" time="3.451" assertions="2">

      <failure message="Failed [equal]: (&#39;https://www.bewakoof.com&#39; == &#39;/style.a4ada59777bb44cdd3ea.css&#39;)">    at Object.&lt;anonymous&gt; (/Users/arbazkhan/Desktop/node-seo/custom_assertions/CanonicalLink.js:33:29)
    at endReadableNT (_stream_readable.js:1106:12)
    at process._tickCallback (internal/process/next_tick.js:178:19)</failure>

    
    </testcase>
  
    <testcase name="3: COLOR OF THE MONTH" classname="index" time="1.800" assertions="2">

    

    
    </testcase>
  
    <testcase name="2: CATEGORY PAGE" classname="index" time="1.932" assertions="2">

      <failure message="Failed [equal]: (&#39;https://www.bewakoof.com/women-new-arrivals-collection&#39; == &#39;/style.a4ada59777bb44cdd3ea.css&#39;)">    at Object.&lt;anonymous&gt; (/Users/arbazkhan/Desktop/node-seo/custom_assertions/CanonicalLink.js:33:29)
    at endReadableNT (_stream_readable.js:1106:12)
    at process._tickCallback (internal/process/next_tick.js:178:19)</failure>

    
    </testcase>
  
    <testcase name="1: PRODUCT PAGE" classname="index" time="1.694" assertions="2">

    

    
    </testcase>
  

  

  
  </testsuite>
</testsuites>
